Training batches: 7 Validation batches: 13
ANN(
  (layers): Sequential(
    (0): Linear(in_features=10, out_features=10, bias=True)
    (1): ReLU()
    (2): Linear(in_features=10, out_features=10, bias=True)
    (3): ReLU()
    (4): Linear(in_features=10, out_features=3, bias=True)
  )
)
Epoch [1] Train [1/7]	Acc 31.000 (31.000)	Loss 1.142e+00 (1.142e+00)	Time  0.008 ( 0.008)
Epoch [1] Train [2/7]	Acc 44.000 (37.500)	Loss 1.130e+00 (1.136e+00)	Time  0.002 ( 0.005)
Epoch [1] Train [3/7]	Acc 44.000 (39.667)	Loss 1.080e+00 (1.118e+00)	Time  0.001 ( 0.004)
Epoch [1] Train [4/7]	Acc 38.000 (39.250)	Loss 1.085e+00 (1.109e+00)	Time  0.001 ( 0.003)
Epoch [1] Train [5/7]	Acc 69.000 (45.200)	Loss 8.747e-01 (1.062e+00)	Time  0.001 ( 0.003)
Epoch [1] Train [6/7]	Acc 44.000 (45.000)	Loss 9.443e-01 (1.043e+00)	Time  0.001 ( 0.003)
Epoch [1] Train [7/7]**	Acc 25.000 (43.462)	Loss 1.084e+00 (1.046e+00)	Time  0.001 ( 0.002)
Epoch [1] Val [ 1/13]	Accuracy  0.000 ( 0.000)	Loss 1.309e+00 (1.309e+00)	Time  0.000 ( 0.000)
Epoch [1] Val [ 2/13]	Accuracy  0.000 ( 0.000)	Loss 1.305e+00 (1.307e+00)	Time  0.000 ( 0.000)
Epoch [1] Val [ 3/13]	Accuracy  0.000 ( 0.000)	Loss 1.307e+00 (1.307e+00)	Time  0.000 ( 0.000)
Epoch [1] Val [ 4/13]	Accuracy 100.000 (25.000)	Loss 4.387e-01 (1.090e+00)	Time  0.000 ( 0.000)
Epoch [1] Val [ 5/13]	Accuracy 100.000 (40.000)	Loss 8.639e-01 (1.045e+00)	Time  0.000 ( 0.000)
Epoch [1] Val [ 6/13]	Accuracy 100.000 (50.000)	Loss 3.826e-01 (9.344e-01)	Time  0.000 ( 0.000)
Epoch [1] Val [ 7/13]	Accuracy  0.000 (42.857)	Loss 1.328e+00 (9.906e-01)	Time  0.000 ( 0.000)
Epoch [1] Val [ 8/13]	Accuracy  0.000 (37.500)	Loss 1.053e+00 (9.984e-01)	Time  0.000 ( 0.000)
Epoch [1] Val [ 9/13]	Accuracy  0.000 (33.333)	Loss 1.058e+00 (1.005e+00)	Time  0.000 ( 0.000)
Epoch [1] Val [10/13]	Accuracy 100.000 (40.000)	Loss 9.251e-01 (9.970e-01)	Time  0.000 ( 0.000)
Epoch [1] Val [11/13]	Accuracy 100.000 (45.455)	Loss nan (nan)	Time  0.000 ( 0.000)
Epoch [1] Val [12/13]	Accuracy  0.000 (41.667)	Loss 1.166e+00 (nan)	Time  0.000 ( 0.000)
Epoch [1] Val [13/13]**	Accuracy  0.000 (38.462)	Loss 1.303e+00 (nan)	Time  0.001 ( 0.000)
Saved best model to ../../models/cdetect_annonly_model_best.pth.tar

Epoch Stats [1/10] 	Accuracy 38.462 	Best True 	Time(s) 0:00:00.024188 	Avg Time(s) 0:00:00.024199
Epoch [2] Train [1/7]	Acc 38.000 (38.000)	Loss 1.035e+00 (1.035e+00)	Time  0.001 ( 0.001)
Epoch [2] Train [2/7]	Acc 50.000 (44.000)	Loss 9.014e-01 (9.683e-01)	Time  0.001 ( 0.001)
Epoch [2] Train [3/7]	Acc 50.000 (46.000)	Loss 8.578e-01 (9.315e-01)	Time  0.001 ( 0.001)
Epoch [2] Train [4/7]	Acc 50.000 (47.000)	Loss 8.074e-01 (9.004e-01)	Time  0.001 ( 0.001)
Epoch [2] Train [5/7]	Acc 56.000 (48.800)	Loss 7.006e-01 (8.605e-01)	Time  0.001 ( 0.001)
Epoch [2] Train [6/7]	Acc 31.000 (45.833)	Loss 1.007e+00 (8.850e-01)	Time  0.001 ( 0.001)
Epoch [2] Train [7/7]**	Acc 50.000 (46.154)	Loss 7.200e-01 (8.723e-01)	Time  0.001 ( 0.001)
Epoch [2] Val [ 1/13]	Accuracy  0.000 ( 0.000)	Loss 1.199e+00 (1.199e+00)	Time  0.000 ( 0.000)
Epoch [2] Val [ 2/13]	Accuracy  0.000 ( 0.000)	Loss 1.183e+00 (1.191e+00)	Time  0.000 ( 0.000)
Epoch [2] Val [ 3/13]	Accuracy  0.000 ( 0.000)	Loss 1.184e+00 (1.189e+00)	Time  0.000 ( 0.000)
Epoch [2] Val [ 4/13]	Accuracy 100.000 (25.000)	Loss 2.060e-01 (9.431e-01)	Time  0.000 ( 0.000)
Epoch [2] Val [ 5/13]	Accuracy 100.000 (40.000)	Loss 9.124e-01 (9.370e-01)	Time  0.000 ( 0.000)
Epoch [2] Val [ 6/13]	Accuracy 100.000 (50.000)	Loss 1.657e-01 (8.084e-01)	Time  0.000 ( 0.000)
Epoch [2] Val [ 7/13]	Accuracy  0.000 (42.857)	Loss 1.195e+00 (8.637e-01)	Time  0.000 ( 0.000)
Epoch [2] Val [ 8/13]	Accuracy 100.000 (50.000)	Loss 8.004e-01 (8.558e-01)	Time  0.000 ( 0.000)
Epoch [2] Val [ 9/13]	Accuracy 100.000 (55.556)	Loss 9.692e-01 (8.684e-01)	Time  0.000 ( 0.000)
Epoch [2] Val [10/13]	Accuracy 100.000 (60.000)	Loss 9.214e-01 (8.737e-01)	Time  0.000 ( 0.000)
Epoch [2] Val [11/13]	Accuracy 100.000 (63.636)	Loss nan (nan)	Time  0.000 ( 0.000)
Epoch [2] Val [12/13]	Accuracy  0.000 (58.333)	Loss 1.137e+00 (nan)	Time  0.000 ( 0.000)
Epoch [2] Val [13/13]**	Accuracy  0.000 (53.846)	Loss 1.200e+00 (nan)	Time  0.000 ( 0.000)
Saved best model to ../../models/cdetect_annonly_model_best.pth.tar

Epoch Stats [2/10] 	Accuracy 53.846 	Best True 	Time(s) 0:00:00.011465 	Avg Time(s) 0:00:00.017852
Epoch [3] Train [1/7]	Acc 31.000 (31.000)	Loss 9.242e-01 (9.242e-01)	Time  0.001 ( 0.001)
Epoch [3] Train [2/7]	Acc 38.000 (34.500)	Loss 8.821e-01 (9.032e-01)	Time  0.001 ( 0.001)
Epoch [3] Train [3/7]	Acc 44.000 (37.667)	Loss 7.409e-01 (8.491e-01)	Time  0.001 ( 0.001)
Epoch [3] Train [4/7]	Acc 44.000 (39.250)	Loss 8.901e-01 (8.593e-01)	Time  0.001 ( 0.001)
Epoch [3] Train [5/7]	Acc 81.000 (47.600)	Loss 5.096e-01 (7.894e-01)	Time  0.001 ( 0.001)
Epoch [3] Train [6/7]	Acc 69.000 (51.167)	Loss 5.478e-01 (7.491e-01)	Time  0.001 ( 0.001)
Epoch [3] Train [7/7]**	Acc 50.000 (51.077)	Loss 7.646e-01 (7.503e-01)	Time  0.001 ( 0.001)
Epoch [3] Val [ 1/13]	Accuracy 100.000 (100.000)	Loss 1.070e+00 (1.070e+00)	Time  0.000 ( 0.000)
Epoch [3] Val [ 2/13]	Accuracy  0.000 (50.000)	Loss 1.029e+00 (1.050e+00)	Time  0.000 ( 0.000)
Epoch [3] Val [ 3/13]	Accuracy  0.000 (33.333)	Loss 1.032e+00 (1.044e+00)	Time  0.000 ( 0.000)
Epoch [3] Val [ 4/13]	Accuracy 100.000 (50.000)	Loss 1.390e-01 (8.175e-01)	Time  0.000 ( 0.000)
Epoch [3] Val [ 5/13]	Accuracy 100.000 (60.000)	Loss 1.028e+00 (8.595e-01)	Time  0.000 ( 0.000)
Epoch [3] Val [ 6/13]	Accuracy 100.000 (66.667)	Loss 1.103e-01 (7.346e-01)	Time  0.000 ( 0.000)
Epoch [3] Val [ 7/13]	Accuracy  0.000 (57.143)	Loss 1.049e+00 (7.795e-01)	Time  0.000 ( 0.000)
Epoch [3] Val [ 8/13]	Accuracy 100.000 (62.500)	Loss 4.224e-01 (7.348e-01)	Time  0.000 ( 0.000)
Epoch [3] Val [ 9/13]	Accuracy 100.000 (66.667)	Loss 8.385e-01 (7.463e-01)	Time  0.000 ( 0.000)
Epoch [3] Val [10/13]	Accuracy 100.000 (70.000)	Loss 9.949e-01 (7.712e-01)	Time  0.000 ( 0.000)
Epoch [3] Val [11/13]	Accuracy 100.000 (72.727)	Loss nan (nan)	Time  0.000 ( 0.000)
Epoch [3] Val [12/13]	Accuracy  0.000 (66.667)	Loss 7.562e-01 (nan)	Time  0.000 ( 0.000)
Epoch [3] Val [13/13]**	Accuracy 100.000 (69.231)	Loss 1.071e+00 (nan)	Time  0.000 ( 0.000)
Saved best model to ../../models/cdetect_annonly_model_best.pth.tar

Epoch Stats [3/10] 	Accuracy 69.231 	Best True 	Time(s) 0:00:00.010579 	Avg Time(s) 0:00:00.015440
Epoch [4] Train [1/7]	Acc 75.000 (75.000)	Loss 7.193e-01 (7.193e-01)	Time  0.001 ( 0.001)
Epoch [4] Train [2/7]	Acc 81.000 (78.000)	Loss 5.480e-01 (6.337e-01)	Time  0.001 ( 0.001)
Epoch [4] Train [3/7]	Acc 88.000 (81.333)	Loss 5.250e-01 (5.975e-01)	Time  0.001 ( 0.001)
Epoch [4] Train [4/7]	Acc 75.000 (79.750)	Loss 6.978e-01 (6.225e-01)	Time  0.001 ( 0.001)
Epoch [4] Train [5/7]	Acc 75.000 (78.800)	Loss 6.087e-01 (6.198e-01)	Time  0.001 ( 0.001)
Epoch [4] Train [6/7]	Acc 100.000 (82.333)	Loss 5.689e-01 (6.113e-01)	Time  0.001 ( 0.001)
Epoch [4] Train [7/7]**	Acc 38.000 (78.923)	Loss 8.880e-01 (6.326e-01)	Time  0.001 ( 0.001)
Epoch [4] Val [ 1/13]	Accuracy 100.000 (100.000)	Loss 9.279e-01 (9.279e-01)	Time  0.000 ( 0.000)
Epoch [4] Val [ 2/13]	Accuracy 100.000 (100.000)	Loss 8.527e-01 (8.903e-01)	Time  0.000 ( 0.000)
Epoch [4] Val [ 3/13]	Accuracy 100.000 (100.000)	Loss 8.579e-01 (8.795e-01)	Time  0.000 ( 0.000)
Epoch [4] Val [ 4/13]	Accuracy 100.000 (100.000)	Loss 1.893e-01 (7.070e-01)	Time  0.000 ( 0.000)
Epoch [4] Val [ 5/13]	Accuracy  0.000 (80.000)	Loss 1.100e+00 (7.855e-01)	Time  0.000 ( 0.000)
Epoch [4] Val [ 6/13]	Accuracy 100.000 (83.333)	Loss 1.737e-01 (6.836e-01)	Time  0.000 ( 0.000)
Epoch [4] Val [ 7/13]	Accuracy 100.000 (85.714)	Loss 8.889e-01 (7.129e-01)	Time  0.000 ( 0.000)
Epoch [4] Val [ 8/13]	Accuracy 100.000 (87.500)	Loss 1.160e-01 (6.383e-01)	Time  0.000 ( 0.000)
Epoch [4] Val [ 9/13]	Accuracy 100.000 (88.889)	Loss 6.152e-01 (6.357e-01)	Time  0.000 ( 0.000)
Epoch [4] Val [10/13]	Accuracy 100.000 (90.000)	Loss 1.025e+00 (6.747e-01)	Time  0.000 ( 0.000)
Epoch [4] Val [11/13]	Accuracy 100.000 (90.909)	Loss nan (nan)	Time  0.000 ( 0.000)
Epoch [4] Val [12/13]	Accuracy 100.000 (91.667)	Loss 1.810e-01 (nan)	Time  0.000 ( 0.000)
Epoch [4] Val [13/13]**	Accuracy 100.000 (92.308)	Loss 9.298e-01 (nan)	Time  0.000 ( 0.000)
Saved best model to ../../models/cdetect_annonly_model_best.pth.tar

Epoch Stats [4/10] 	Accuracy 92.308 	Best True 	Time(s) 0:00:00.010412 	Avg Time(s) 0:00:00.014191
Epoch [5] Train [1/7]	Acc 100.000 (100.000)	Loss 2.941e-01 (2.941e-01)	Time  0.002 ( 0.002)
Epoch [5] Train [2/7]	Acc 75.000 (87.500)	Loss 6.398e-01 (4.670e-01)	Time  0.001 ( 0.002)
Epoch [5] Train [3/7]	Acc 81.000 (85.333)	Loss 6.443e-01 (5.261e-01)	Time  0.001 ( 0.002)
Epoch [5] Train [4/7]	Acc 88.000 (86.000)	Loss 4.766e-01 (5.137e-01)	Time  0.001 ( 0.001)
Epoch [5] Train [5/7]	Acc 88.000 (86.400)	Loss 6.838e-01 (5.477e-01)	Time  0.001 ( 0.001)
Epoch [5] Train [6/7]	Acc 88.000 (86.667)	Loss 6.240e-01 (5.604e-01)	Time  0.001 ( 0.001)
Epoch [5] Train [7/7]**	Acc 88.000 (86.769)	Loss 3.433e-01 (5.437e-01)	Time  0.001 ( 0.001)
Epoch [5] Val [ 1/13]	Accuracy 100.000 (100.000)	Loss 7.480e-01 (7.480e-01)	Time  0.000 ( 0.000)
Epoch [5] Val [ 2/13]	Accuracy 100.000 (100.000)	Loss 6.346e-01 (6.913e-01)	Time  0.000 ( 0.000)
Epoch [5] Val [ 3/13]	Accuracy 100.000 (100.000)	Loss 6.480e-01 (6.768e-01)	Time  0.000 ( 0.000)
Epoch [5] Val [ 4/13]	Accuracy 100.000 (100.000)	Loss 1.028e-01 (5.333e-01)	Time  0.000 ( 0.000)
Epoch [5] Val [ 5/13]	Accuracy  0.000 (80.000)	Loss 1.304e+00 (6.874e-01)	Time  0.000 ( 0.000)
Epoch [5] Val [ 6/13]	Accuracy 100.000 (83.333)	Loss 1.376e-01 (5.958e-01)	Time  0.000 ( 0.000)
Epoch [5] Val [ 7/13]	Accuracy 100.000 (85.714)	Loss 6.869e-01 (6.088e-01)	Time  0.000 ( 0.000)
Epoch [5] Val [ 8/13]	Accuracy 100.000 (87.500)	Loss 5.127e-02 (5.391e-01)	Time  0.000 ( 0.000)
Epoch [5] Val [ 9/13]	Accuracy 100.000 (88.889)	Loss 5.273e-01 (5.378e-01)	Time  0.000 ( 0.000)
Epoch [5] Val [10/13]	Accuracy  0.000 (80.000)	Loss 1.202e+00 (6.042e-01)	Time  0.000 ( 0.000)
Epoch [5] Val [11/13]	Accuracy 100.000 (81.818)	Loss nan (nan)	Time  0.000 ( 0.000)
Epoch [5] Val [12/13]	Accuracy 100.000 (83.333)	Loss 5.257e-02 (nan)	Time  0.000 ( 0.000)
Epoch [5] Val [13/13]**	Accuracy 100.000 (84.615)	Loss 7.519e-01 (nan)	Time  0.000 ( 0.000)
Saved checkpoint to ../../models/cdetect_annonly_checkpoint.pth.tar

Epoch Stats [5/10] 	Accuracy 84.615 	Best False 	Time(s) 0:00:00.013489 	Avg Time(s) 0:00:00.014059
Epoch [6] Train [1/7]	Acc 88.000 (88.000)	Loss 4.731e-01 (4.731e-01)	Time  0.001 ( 0.001)
Epoch [6] Train [2/7]	Acc 100.000 (94.000)	Loss 2.781e-01 (3.756e-01)	Time  0.001 ( 0.001)
Epoch [6] Train [3/7]	Acc 88.000 (92.000)	Loss 4.685e-01 (4.065e-01)	Time  0.001 ( 0.001)
Epoch [6] Train [4/7]	Acc 94.000 (92.500)	Loss 4.583e-01 (4.195e-01)	Time  0.001 ( 0.001)
Epoch [6] Train [5/7]	Acc 94.000 (92.800)	Loss 2.949e-01 (3.946e-01)	Time  0.001 ( 0.001)
Epoch [6] Train [6/7]	Acc 69.000 (88.833)	Loss 7.772e-01 (4.583e-01)	Time  0.001 ( 0.001)
Epoch [6] Train [7/7]**	Acc 88.000 (88.769)	Loss 3.998e-01 (4.538e-01)	Time  0.001 ( 0.001)
Epoch [6] Val [ 1/13]	Accuracy 100.000 (100.000)	Loss 5.251e-01 (5.251e-01)	Time  0.000 ( 0.000)
Epoch [6] Val [ 2/13]	Accuracy 100.000 (100.000)	Loss 3.826e-01 (4.539e-01)	Time  0.000 ( 0.000)
Epoch [6] Val [ 3/13]	Accuracy 100.000 (100.000)	Loss 4.088e-01 (4.389e-01)	Time  0.000 ( 0.000)
Epoch [6] Val [ 4/13]	Accuracy 100.000 (100.000)	Loss 1.785e-02 (3.336e-01)	Time  0.000 ( 0.000)
Epoch [6] Val [ 5/13]	Accuracy  0.000 (80.000)	Loss 1.574e+00 (5.818e-01)	Time  0.001 ( 0.000)
Epoch [6] Val [ 6/13]	Accuracy 100.000 (83.333)	Loss 4.779e-02 (4.928e-01)	Time  0.000 ( 0.000)
Epoch [6] Val [ 7/13]	Accuracy 100.000 (85.714)	Loss 4.466e-01 (4.862e-01)	Time  0.000 ( 0.000)
Epoch [6] Val [ 8/13]	Accuracy 100.000 (87.500)	Loss 3.603e-02 (4.299e-01)	Time  0.000 ( 0.000)
Epoch [6] Val [ 9/13]	Accuracy 100.000 (88.889)	Loss 5.290e-01 (4.409e-01)	Time  0.000 ( 0.000)
Epoch [6] Val [10/13]	Accuracy  0.000 (80.000)	Loss 1.417e+00 (5.385e-01)	Time  0.000 ( 0.000)
Epoch [6] Val [11/13]	Accuracy 100.000 (81.818)	Loss nan (nan)	Time  0.000 ( 0.000)
Epoch [6] Val [12/13]	Accuracy 100.000 (83.333)	Loss 3.664e-02 (nan)	Time  0.000 ( 0.000)
Epoch [6] Val [13/13]**	Accuracy 100.000 (84.615)	Loss 5.320e-01 (nan)	Time  0.000 ( 0.000)
Saved checkpoint to ../../models/cdetect_annonly_checkpoint.pth.tar

Epoch Stats [6/10] 	Accuracy 84.615 	Best False 	Time(s) 0:00:00.013979 	Avg Time(s) 0:00:00.014051
Epoch [7] Train [1/7]	Acc 94.000 (94.000)	Loss 3.160e-01 (3.160e-01)	Time  0.001 ( 0.001)
Epoch [7] Train [2/7]	Acc 81.000 (87.500)	Loss 4.215e-01 (3.688e-01)	Time  0.001 ( 0.001)
Epoch [7] Train [3/7]	Acc 100.000 (91.667)	Loss 2.228e-01 (3.201e-01)	Time  0.001 ( 0.001)
Epoch [7] Train [4/7]	Acc 88.000 (90.750)	Loss 3.857e-01 (3.365e-01)	Time  0.001 ( 0.001)
Epoch [7] Train [5/7]	Acc 69.000 (86.400)	Loss 6.940e-01 (4.080e-01)	Time  0.001 ( 0.001)
Epoch [7] Train [6/7]	Acc 88.000 (86.667)	Loss 3.198e-01 (3.933e-01)	Time  0.001 ( 0.001)
Epoch [7] Train [7/7]**	Acc 100.000 (87.692)	Loss 1.748e-01 (3.765e-01)	Time  0.001 ( 0.001)
Epoch [7] Val [ 1/13]	Accuracy 100.000 (100.000)	Loss 3.231e-01 (3.231e-01)	Time  0.000 ( 0.000)
Epoch [7] Val [ 2/13]	Accuracy 100.000 (100.000)	Loss 1.908e-01 (2.569e-01)	Time  0.000 ( 0.000)
Epoch [7] Val [ 3/13]	Accuracy 100.000 (100.000)	Loss 2.297e-01 (2.479e-01)	Time  0.000 ( 0.000)
Epoch [7] Val [ 4/13]	Accuracy 100.000 (100.000)	Loss 4.054e-03 (1.869e-01)	Time  0.000 ( 0.000)
Epoch [7] Val [ 5/13]	Accuracy  0.000 (80.000)	Loss 1.790e+00 (5.075e-01)	Time  0.000 ( 0.000)
Epoch [7] Val [ 6/13]	Accuracy 100.000 (83.333)	Loss 1.831e-02 (4.260e-01)	Time  0.000 ( 0.000)
Epoch [7] Val [ 7/13]	Accuracy 100.000 (85.714)	Loss 2.432e-01 (3.998e-01)	Time  0.000 ( 0.000)
Epoch [7] Val [ 8/13]	Accuracy 100.000 (87.500)	Loss 3.504e-02 (3.542e-01)	Time  0.000 ( 0.000)
Epoch [7] Val [ 9/13]	Accuracy  0.000 (77.778)	Loss 7.591e-01 (3.992e-01)	Time  0.000 ( 0.000)
Epoch [7] Val [10/13]	Accuracy  0.000 (70.000)	Loss 1.492e+00 (5.085e-01)	Time  0.000 ( 0.000)
Epoch [7] Val [11/13]	Accuracy 100.000 (72.727)	Loss nan (nan)	Time  0.000 ( 0.000)
Epoch [7] Val [12/13]	Accuracy 100.000 (75.000)	Loss 2.433e-02 (nan)	Time  0.000 ( 0.000)
Epoch [7] Val [13/13]**	Accuracy 100.000 (76.923)	Loss 3.359e-01 (nan)	Time  0.000 ( 0.000)
Saved checkpoint to ../../models/cdetect_annonly_checkpoint.pth.tar

Epoch Stats [7/10] 	Accuracy 76.923 	Best False 	Time(s) 0:00:00.011796 	Avg Time(s) 0:00:00.013733
Epoch [8] Train [1/7]	Acc 94.000 (94.000)	Loss 2.005e-01 (2.005e-01)	Time  0.002 ( 0.002)
Epoch [8] Train [2/7]	Acc 69.000 (81.500)	Loss 5.451e-01 (3.728e-01)	Time  0.001 ( 0.002)
Epoch [8] Train [3/7]	Acc 94.000 (85.667)	Loss 2.711e-01 (3.389e-01)	Time  0.001 ( 0.001)
Epoch [8] Train [4/7]	Acc 94.000 (87.750)	Loss 2.648e-01 (3.204e-01)	Time  0.001 ( 0.001)
Epoch [8] Train [5/7]	Acc 100.000 (90.200)	Loss 1.394e-01 (2.842e-01)	Time  0.001 ( 0.001)
Epoch [8] Train [6/7]	Acc 81.000 (88.667)	Loss 5.610e-01 (3.303e-01)	Time  0.001 ( 0.001)
Epoch [8] Train [7/7]**	Acc 88.000 (88.615)	Loss 3.481e-01 (3.317e-01)	Time  0.001 ( 0.001)
Epoch [8] Val [ 1/13]	Accuracy 100.000 (100.000)	Loss 2.340e-01 (2.340e-01)	Time  0.000 ( 0.000)
Epoch [8] Val [ 2/13]	Accuracy 100.000 (100.000)	Loss 1.068e-01 (1.704e-01)	Time  0.000 ( 0.000)
Epoch [8] Val [ 3/13]	Accuracy 100.000 (100.000)	Loss 1.543e-01 (1.651e-01)	Time  0.000 ( 0.000)
Epoch [8] Val [ 4/13]	Accuracy 100.000 (100.000)	Loss 2.800e-03 (1.245e-01)	Time  0.000 ( 0.000)
Epoch [8] Val [ 5/13]	Accuracy  0.000 (80.000)	Loss 1.586e+00 (4.168e-01)	Time  0.000 ( 0.000)
Epoch [8] Val [ 6/13]	Accuracy 100.000 (83.333)	Loss 2.010e-02 (3.507e-01)	Time  0.000 ( 0.000)
Epoch [8] Val [ 7/13]	Accuracy 100.000 (85.714)	Loss 1.464e-01 (3.215e-01)	Time  0.000 ( 0.000)
Epoch [8] Val [ 8/13]	Accuracy 100.000 (87.500)	Loss 1.652e-02 (2.833e-01)	Time  0.000 ( 0.000)
Epoch [8] Val [ 9/13]	Accuracy  0.000 (77.778)	Loss 7.610e-01 (3.364e-01)	Time  0.000 ( 0.000)
Epoch [8] Val [10/13]	Accuracy  0.000 (70.000)	Loss 1.348e+00 (4.376e-01)	Time  0.000 ( 0.000)
Epoch [8] Val [11/13]	Accuracy 100.000 (72.727)	Loss nan (nan)	Time  0.000 ( 0.000)
Epoch [8] Val [12/13]	Accuracy 100.000 (75.000)	Loss 6.073e-03 (nan)	Time  0.000 ( 0.000)
Epoch [8] Val [13/13]**	Accuracy 100.000 (76.923)	Loss 2.514e-01 (nan)	Time  0.000 ( 0.000)
Saved checkpoint to ../../models/cdetect_annonly_checkpoint.pth.tar

Epoch Stats [8/10] 	Accuracy 76.923 	Best False 	Time(s) 0:00:00.012752 	Avg Time(s) 0:00:00.013613
Epoch [9] Train [1/7]	Acc 81.000 (81.000)	Loss 5.047e-01 (5.047e-01)	Time  0.001 ( 0.001)
Epoch [9] Train [2/7]	Acc 100.000 (90.500)	Loss 1.356e-01 (3.201e-01)	Time  0.001 ( 0.001)
Epoch [9] Train [3/7]	Acc 100.000 (93.667)	Loss 1.380e-01 (2.594e-01)	Time  0.001 ( 0.001)
Epoch [9] Train [4/7]	Acc 81.000 (90.500)	Loss 4.458e-01 (3.060e-01)	Time  0.001 ( 0.001)
Epoch [9] Train [5/7]	Acc 100.000 (92.400)	Loss 1.286e-01 (2.705e-01)	Time  0.001 ( 0.001)
Epoch [9] Train [6/7]	Acc 88.000 (91.667)	Loss 3.388e-01 (2.819e-01)	Time  0.001 ( 0.001)
Epoch [9] Train [7/7]**	Acc 75.000 (90.385)	Loss 5.097e-01 (2.995e-01)	Time  0.001 ( 0.001)
Epoch [9] Val [ 1/13]	Accuracy 100.000 (100.000)	Loss 2.051e-01 (2.051e-01)	Time  0.000 ( 0.000)
Epoch [9] Val [ 2/13]	Accuracy 100.000 (100.000)	Loss 8.050e-02 (1.428e-01)	Time  0.000 ( 0.000)
Epoch [9] Val [ 3/13]	Accuracy 100.000 (100.000)	Loss 1.530e-01 (1.462e-01)	Time  0.000 ( 0.000)
Epoch [9] Val [ 4/13]	Accuracy 100.000 (100.000)	Loss 2.137e-03 (1.102e-01)	Time  0.000 ( 0.000)
Epoch [9] Val [ 5/13]	Accuracy  0.000 (80.000)	Loss 1.380e+00 (3.642e-01)	Time  0.000 ( 0.000)
Epoch [9] Val [ 6/13]	Accuracy 100.000 (83.333)	Loss 2.451e-02 (3.076e-01)	Time  0.000 ( 0.000)
Epoch [9] Val [ 7/13]	Accuracy 100.000 (85.714)	Loss 1.076e-01 (2.790e-01)	Time  0.000 ( 0.000)
Epoch [9] Val [ 8/13]	Accuracy 100.000 (87.500)	Loss 6.901e-03 (2.450e-01)	Time  0.000 ( 0.000)
Epoch [9] Val [ 9/13]	Accuracy  0.000 (77.778)	Loss 7.166e-01 (2.974e-01)	Time  0.000 ( 0.000)
Epoch [9] Val [10/13]	Accuracy  0.000 (70.000)	Loss 1.053e+00 (3.729e-01)	Time  0.000 ( 0.000)
Epoch [9] Val [11/13]	Accuracy 100.000 (72.727)	Loss nan (nan)	Time  0.000 ( 0.000)
Epoch [9] Val [12/13]	Accuracy 100.000 (75.000)	Loss 1.890e-03 (nan)	Time  0.000 ( 0.000)
Epoch [9] Val [13/13]**	Accuracy 100.000 (76.923)	Loss 2.268e-01 (nan)	Time  0.000 ( 0.000)
Saved checkpoint to ../../models/cdetect_annonly_checkpoint.pth.tar

Epoch Stats [9/10] 	Accuracy 76.923 	Best False 	Time(s) 0:00:00.011546 	Avg Time(s) 0:00:00.013391
Epoch [10] Train [1/7]	Acc 94.000 (94.000)	Loss 2.763e-01 (2.763e-01)	Time  0.002 ( 0.002)
Epoch [10] Train [2/7]	Acc 94.000 (94.000)	Loss 3.130e-01 (2.946e-01)	Time  0.001 ( 0.001)
Epoch [10] Train [3/7]	Acc 88.000 (92.000)	Loss 4.264e-01 (3.385e-01)	Time  0.001 ( 0.001)
Epoch [10] Train [4/7]	Acc 94.000 (92.500)	Loss 2.213e-01 (3.092e-01)	Time  0.001 ( 0.001)
Epoch [10] Train [5/7]	Acc 88.000 (91.600)	Loss 2.456e-01 (2.965e-01)	Time  0.001 ( 0.001)
Epoch [10] Train [6/7]	Acc 88.000 (91.000)	Loss 2.884e-01 (2.952e-01)	Time  0.001 ( 0.001)
Epoch [10] Train [7/7]**	Acc 100.000 (91.692)	Loss 1.048e-01 (2.805e-01)	Time  0.001 ( 0.001)
Epoch [10] Val [ 1/13]	Accuracy 100.000 (100.000)	Loss 2.085e-01 (2.085e-01)	Time  0.000 ( 0.000)
Epoch [10] Val [ 2/13]	Accuracy 100.000 (100.000)	Loss 9.108e-02 (1.498e-01)	Time  0.000 ( 0.000)
Epoch [10] Val [ 3/13]	Accuracy 100.000 (100.000)	Loss 2.169e-01 (1.722e-01)	Time  0.000 ( 0.000)
Epoch [10] Val [ 4/13]	Accuracy 100.000 (100.000)	Loss 3.253e-04 (1.292e-01)	Time  0.000 ( 0.000)
Epoch [10] Val [ 5/13]	Accuracy  0.000 (80.000)	Loss 1.096e+00 (3.226e-01)	Time  0.000 ( 0.000)
Epoch [10] Val [ 6/13]	Accuracy 100.000 (83.333)	Loss 8.238e-03 (2.702e-01)	Time  0.000 ( 0.000)
Epoch [10] Val [ 7/13]	Accuracy 100.000 (85.714)	Loss 1.052e-01 (2.467e-01)	Time  0.000 ( 0.000)
Epoch [10] Val [ 8/13]	Accuracy 100.000 (87.500)	Loss 3.562e-03 (2.163e-01)	Time  0.000 ( 0.000)
Epoch [10] Val [ 9/13]	Accuracy 100.000 (88.889)	Loss 4.073e-01 (2.375e-01)	Time  0.000 ( 0.000)
Epoch [10] Val [10/13]	Accuracy 100.000 (90.000)	Loss 7.965e-01 (2.934e-01)	Time  0.000 ( 0.000)
Epoch [10] Val [11/13]	Accuracy 100.000 (90.909)	Loss nan (nan)	Time  0.000 ( 0.000)
Epoch [10] Val [12/13]	Accuracy 100.000 (91.667)	Loss 1.725e-03 (nan)	Time  0.000 ( 0.000)
Epoch [10] Val [13/13]**	Accuracy 100.000 (92.308)	Loss 2.347e-01 (nan)	Time  0.000 ( 0.000)
Saved checkpoint to ../../models/cdetect_annonly_checkpoint.pth.tar

Epoch Stats [10/10]** 	Accuracy 92.308 	Best False 	Time(s) 0:00:00.010748 	Avg Time(s) 0:00:00.013130

Completed [10]  	Time 0:00:00.131320 	Best Accuracy 92.308 	Best Epoch 4
